\BOOKMARK [0][-]{chapter.1}{Introducere \356n criptografie}{}% 1
\BOOKMARK [1][-]{section.1.1}{Criptografia ca si domeniu cripto}{chapter.1}% 2
\BOOKMARK [1][-]{section.1.2}{Criptografia cu chei simetrice}{chapter.1}% 3
\BOOKMARK [1][-]{section.1.3}{Criptografia cu chei asimetrice}{chapter.1}% 4
\BOOKMARK [1][-]{section.1.4}{RSA Clasic wiki1}{chapter.1}% 5
\BOOKMARK [0][-]{chapter.2}{Variante si Optimizari RSA}{}% 6
\BOOKMARK [1][-]{section.2.1}{Bazele matematice}{chapter.2}% 7
\BOOKMARK [1][-]{section.2.2}{RSA Clasic}{chapter.2}% 8
\BOOKMARK [1][-]{section.2.3}{RSA Rebalansat}{chapter.2}% 9
\BOOKMARK [1][-]{section.2.4}{Multi-Prime RSA}{chapter.2}% 10
\BOOKMARK [1][-]{section.2.5}{Multi-Power RSA}{chapter.2}% 11
\BOOKMARK [1][-]{section.2.6}{RSA pe grupuri}{chapter.2}% 12
\BOOKMARK [1][-]{section.2.7}{RSA varianta distribuita \(Schema lui Shoup\)}{chapter.2}% 13
\BOOKMARK [0][-]{chapter.3}{Criptanaliza RSA}{}% 14
\BOOKMARK [1][-]{section.3.1}{Criptanaliza pe RSA clasic wiki1 }{chapter.3}% 15
\BOOKMARK [1][-]{section.3.2}{Criptanaliza pe variante RSA}{chapter.3}% 16
\BOOKMARK [0][-]{chapter.4}{Aplicabilitate RSA - KeePass Plugin}{}% 17
\BOOKMARK [1][-]{section.4.1}{Introducere}{chapter.4}% 18
\BOOKMARK [1][-]{section.4.2}{Tehnologii Utilizate}{chapter.4}% 19
\BOOKMARK [1][-]{section.4.3}{Arhitectura aplicatiei}{chapter.4}% 20
\BOOKMARK [1][-]{section.4.4}{Utilizarea aplicatiei}{chapter.4}% 21
